<?xml version="1.0" encoding="UTF-8"?>
<!-- Generated by org.testng.reporters.JUnitReportReporter -->
<testsuite skipped="0" hostname="030101V3483" name="instawork.FirefoxTest" tests="1" failures="0" timestamp="10 Mar 2018 06:58:28 GMT" time="8.239" errors="0">
  <testcase name="testFirefox" time="8.239" classname="instawork.FirefoxTest"/>
</testsuite> <!-- instawork.FirefoxTest -->
