<?xml version="1.0" encoding="UTF-8"?>
<!-- Generated by org.testng.reporters.JUnitReportReporter -->
<testsuite skipped="0" hostname="030101V3483" name="instawork.ChromeTest" tests="1" failures="0" timestamp="10 Mar 2018 06:58:28 GMT" time="6.921" errors="0">
  <testcase name="testChrome" time="6.921" classname="instawork.ChromeTest"/>
</testsuite> <!-- instawork.ChromeTest -->
