<?xml version="1.0" encoding="UTF-8"?>
<!-- Generated by org.testng.reporters.JUnitReportReporter -->
<testsuite hostname="abhishek-PC" name="instawork.Firefox" tests="1" failures="0" timestamp="7 Mar 2018 19:20:19 GMT" time="5.102" errors="0">
  <testcase name="testFirefox" time="5.102" classname="instawork.Firefox"/>
</testsuite> <!-- instawork.Firefox -->
